--------------TEST RESULTS--------------
  Tests Run: 1
  Tests Failed: 1
----------------------------------------

----------------FAILURES----------------
  GFCM_CreateNotebookTest
----------------------------------------

-----------------OUTPUT-----------------
  START TEST: GFCM_CreateNotebookTest
  FAILED: CreateNotebook(string userID, string title, string author, string publisher, string publishDate): CreateNotebook by Book Details author is null test case.
  FAILED: CreateNotebook(string userID, string title, string author, string publisher, string publishDate): CreateNotebook by Book Details publisher is null test case.
  END TEST: GFCM_CreateNotebookTest
----------------------------------------
